<?xml version="1.0" encoding="UTF-8"?>
<model model-package="com.smzdm.status.model" enable-sax-parser="true" enable-xml-schema="true"
	enable-merger="true" enable-model-test="true" enable-base-visitor="true">

	<entity name="runtime" class-name="RuntimeInfo">
		<attribute name="id" value-type="String" key="true" />
		<attribute name="start-time" value-type="long" primitive="true" />
		<attribute name="up-time" value-type="long" primitive="true" />
	</entity>

</model>
