<?xml version="1.0" encoding="UTF-8"?>
<model>
  <!--<entity name="status" root="true">-->
    <!--<attribute name="timestamp" value-type="Date" format="yyyy-MM-dd HH:mm:ss.SSS" />-->
    <!--<entity-ref name="runtime" />-->
  <!--</entity>-->
  <entity name="runtime" root="true">
    <!--<attribute name="id" value-type="String" />-->
    <!--<attribute name="start-time" value-type="int" />-->
    <!--<attribute name="up-time" value-type="int" />-->
    <!--<attribute name="java-version" value-type="String" />-->
    <!--<attribute name="user-name" value-type="String" />-->
    <element name="user-dir" value-type="String" />
    <element name="java-classpath" value-type="String" />
  </entity>
</model>
