<?xml version="1.0" encoding="UTF-8"?>
<manifest>
  <file path="test-codegen.xml" />
  <file path="test-model.xml" />
</manifest>
